<?xml version="1.0" encoding="utf-8"?><testsuites name="pytest tests"><testsuite name="pytest" errors="0" failures="0" skipped="0" tests="18" time="3.889" timestamp="2026-04-18T18:29:41.189635+00:00" hostname="agent-env-60cc3bb1-7454-4b80-b8c8-998134178fc2"><testcase classname="backend.tests.backend_test.TestAuth" name="test_login_invalid" time="0.461" /><testcase classname="backend.tests.backend_test.TestAuth" name="test_login_valid_sets_cookie" time="0.344" /><testcase classname="backend.tests.backend_test.TestAuth" name="test_me_with_bearer" time="0.487" /><testcase classname="backend.tests.backend_test.TestAuth" name="test_me_unauthenticated" time="0.110" /><testcase classname="backend.tests.backend_test.TestAuth" name="test_logout" time="0.121" /><testcase classname="backend.tests.backend_test.TestPlaceCRUD" name="test_01_create_place" time="0.130" /><testcase classname="backend.tests.backend_test.TestPlaceCRUD" name="test_02_get_place_by_id" time="0.127" /><testcase classname="backend.tests.backend_test.TestPlaceCRUD" name="test_03_list_places" time="0.107" /><testcase classname="backend.tests.backend_test.TestPlaceCRUD" name="test_04_update_place" time="0.173" /><testcase classname="backend.tests.backend_test.TestPlaceCRUD" name="test_05_regenerate_reviews" time="0.108" /><testcase classname="backend.tests.backend_test.TestPlaceCRUD" name="test_06_public_place_by_slug_tracks_scan" time="0.154" /><testcase classname="backend.tests.backend_test.TestPlaceCRUD" name="test_07_copy_event_tracks" time="0.134" /><testcase classname="backend.tests.backend_test.TestPlaceCRUD" name="test_08_scan_copy_counters_updated" time="0.635" /><testcase classname="backend.tests.backend_test.TestPlaceCRUD" name="test_09_places_require_auth" time="0.104" /><testcase classname="backend.tests.backend_test.TestPlaceCRUD" name="test_10_public_place_not_found" time="0.107" /><testcase classname="backend.tests.backend_test.TestPlaceCRUD" name="test_11_delete_place" time="0.245" /><testcase classname="backend.tests.backend_test.TestAnalytics" name="test_overview_requires_auth" time="0.106" /><testcase classname="backend.tests.backend_test.TestAnalytics" name="test_overview_returns_keys" time="0.113" /></testsuite></testsuites>